<?xml version="1.0" encoding="UTF-8"?>
<testsuite name="hackathon.evaluation.EvaluationApplicationTests" tests="1" skipped="0" failures="0" errors="0" timestamp="2023-03-17T12:21:39" hostname="ip-172-31-10-64" time="0.266">
  <properties/>
  <testcase name="contextLoads()" classname="hackathon.evaluation.EvaluationApplicationTests" time="0.266"/>
  <system-out><![CDATA[21:21:28.137 [Test worker] DEBUG org.springframework.test.context.BootstrapUtils - Instantiating CacheAwareContextLoaderDelegate from class [org.springframework.test.context.cache.DefaultCacheAwareContextLoaderDelegate]
21:21:28.159 [Test worker] DEBUG org.springframework.test.context.BootstrapUtils - Instantiating BootstrapContext using constructor [public org.springframework.test.context.support.DefaultBootstrapContext(java.lang.Class,org.springframework.test.context.CacheAwareContextLoaderDelegate)]
21:21:28.235 [Test worker] DEBUG org.springframework.test.context.BootstrapUtils - Instantiating TestContextBootstrapper for test class [hackathon.evaluation.EvaluationApplicationTests] from class [org.springframework.boot.test.context.SpringBootTestContextBootstrapper]
21:21:28.261 [Test worker] INFO org.springframework.boot.test.context.SpringBootTestContextBootstrapper - Neither @ContextConfiguration nor @ContextHierarchy found for test class [hackathon.evaluation.EvaluationApplicationTests], using SpringBootContextLoader
21:21:28.269 [Test worker] DEBUG org.springframework.test.context.support.AbstractContextLoader - Did not detect default resource location for test class [hackathon.evaluation.EvaluationApplicationTests]: class path resource [hackathon/evaluation/EvaluationApplicationTests-context.xml] does not exist
21:21:28.274 [Test worker] DEBUG org.springframework.test.context.support.AbstractContextLoader - Did not detect default resource location for test class [hackathon.evaluation.EvaluationApplicationTests]: class path resource [hackathon/evaluation/EvaluationApplicationTestsContext.groovy] does not exist
21:21:28.276 [Test worker] INFO org.springframework.test.context.support.AbstractContextLoader - Could not detect default resource locations for test class [hackathon.evaluation.EvaluationApplicationTests]: no resource found for suffixes {-context.xml, Context.groovy}.
21:21:28.277 [Test worker] INFO org.springframework.test.context.support.AnnotationConfigContextLoaderUtils - Could not detect default configuration classes for test class [hackathon.evaluation.EvaluationApplicationTests]: EvaluationApplicationTests does not declare any static, non-private, non-final, nested classes annotated with @Configuration.
21:21:28.378 [Test worker] DEBUG org.springframework.test.context.support.ActiveProfilesUtils - Could not find an 'annotation declaring class' for annotation type [org.springframework.test.context.ActiveProfiles] and class [hackathon.evaluation.EvaluationApplicationTests]
21:21:28.571 [Test worker] DEBUG org.springframework.context.annotation.ClassPathScanningCandidateComponentProvider - Identified candidate component class: file [/home/ubuntu/Backend/BackAPI/build/classes/java/main/hackathon/evaluation/EvaluationApplication.class]
21:21:28.573 [Test worker] INFO org.springframework.boot.test.context.SpringBootTestContextBootstrapper - Found @SpringBootConfiguration hackathon.evaluation.EvaluationApplication for test class hackathon.evaluation.EvaluationApplicationTests
21:21:28.812 [Test worker] DEBUG org.springframework.boot.test.context.SpringBootTestContextBootstrapper - @TestExecutionListeners is not present for class [hackathon.evaluation.EvaluationApplicationTests]: using defaults.
21:21:28.813 [Test worker] INFO org.springframework.boot.test.context.SpringBootTestContextBootstrapper - Loaded default TestExecutionListener class names from location [META-INF/spring.factories]: [org.springframework.test.context.web.ServletTestExecutionListener, org.springframework.test.context.support.DirtiesContextBeforeModesTestExecutionListener, org.springframework.test.context.event.ApplicationEventsTestExecutionListener, org.springframework.test.context.support.DependencyInjectionTestExecutionListener, org.springframework.test.context.support.DirtiesContextTestExecutionListener, org.springframework.test.context.transaction.TransactionalTestExecutionListener, org.springframework.test.context.jdbc.SqlScriptsTestExecutionListener, org.springframework.test.context.event.EventPublishingTestExecutionListener, org.springframework.boot.test.autoconfigure.restdocs.RestDocsTestExecutionListener, org.springframework.boot.test.autoconfigure.web.client.MockRestServiceServerResetTestExecutionListener, org.springframework.boot.test.autoconfigure.web.servlet.MockMvcPrintOnlyOnFailureTestExecutionListener, org.springframework.boot.test.autoconfigure.web.servlet.WebDriverTestExecutionListener, org.springframework.boot.test.autoconfigure.webservices.client.MockWebServiceServerTestExecutionListener, org.springframework.boot.test.mock.mockito.MockitoTestExecutionListener, org.springframework.boot.test.mock.mockito.ResetMocksTestExecutionListener]
21:21:28.852 [Test worker] INFO org.springframework.boot.test.context.SpringBootTestContextBootstrapper - Using TestExecutionListeners: [org.springframework.test.context.web.ServletTestExecutionListener@3f70457e, org.springframework.test.context.support.DirtiesContextBeforeModesTestExecutionListener@5ffe589, org.springframework.test.context.event.ApplicationEventsTestExecutionListener@58fa94e, org.springframework.boot.test.mock.mockito.MockitoTestExecutionListener@6c5b1339, org.springframework.boot.test.autoconfigure.SpringBootDependencyInjectionTestExecutionListener@513de079, org.springframework.test.context.support.DirtiesContextTestExecutionListener@2b94847a, org.springframework.test.context.transaction.TransactionalTestExecutionListener@53a98d9f, org.springframework.test.context.jdbc.SqlScriptsTestExecutionListener@675f9e08, org.springframework.test.context.event.EventPublishingTestExecutionListener@595f84b2, org.springframework.boot.test.autoconfigure.restdocs.RestDocsTestExecutionListener@56e76cb7, org.springframework.boot.test.autoconfigure.web.client.MockRestServiceServerResetTestExecutionListener@493dd681, org.springframework.boot.test.autoconfigure.web.servlet.MockMvcPrintOnlyOnFailureTestExecutionListener@5209ae70, org.springframework.boot.test.autoconfigure.web.servlet.WebDriverTestExecutionListener@77d6da97, org.springframework.boot.test.autoconfigure.webservices.client.MockWebServiceServerTestExecutionListener@1a39820e, org.springframework.boot.test.mock.mockito.ResetMocksTestExecutionListener@3d17d616]
21:21:28.863 [Test worker] DEBUG org.springframework.test.context.support.AbstractDirtiesContextTestExecutionListener - Before test class: context [DefaultTestContext@390753ff testClass = EvaluationApplicationTests, testInstance = [null], testMethod = [null], testException = [null], mergedContextConfiguration = [WebMergedContextConfiguration@294fe0dc testClass = EvaluationApplicationTests, locations = '{}', classes = '{class hackathon.evaluation.EvaluationApplication}', contextInitializerClasses = '[]', activeProfiles = '{}', propertySourceLocations = '{}', propertySourceProperties = '{org.springframework.boot.test.context.SpringBootTestContextBootstrapper=true}', contextCustomizers = set[org.springframework.boot.test.autoconfigure.actuate.metrics.MetricsExportContextCustomizerFactory$DisableMetricExportContextCustomizer@35109e22, org.springframework.boot.test.autoconfigure.properties.PropertyMappingContextCustomizer@0, org.springframework.boot.test.autoconfigure.web.servlet.WebDriverContextCustomizerFactory$Customizer@7be21cda, org.springframework.boot.test.context.filter.ExcludeFilterContextCustomizer@6fab9f0c, org.springframework.boot.test.json.DuplicateJsonObjectContextCustomizerFactory$DuplicateJsonObjectContextCustomizer@3bb1003, org.springframework.boot.test.mock.mockito.MockitoContextCustomizer@0, org.springframework.boot.test.web.client.TestRestTemplateContextCustomizer@feddb44, org.springframework.boot.test.context.SpringBootTestArgs@1, org.springframework.boot.test.context.SpringBootTestWebEnvironment@1dc553ca], resourceBasePath = 'src/main/webapp', contextLoader = 'org.springframework.boot.test.context.SpringBootContextLoader', parent = [null]], attributes = map['org.springframework.test.context.web.ServletTestExecutionListener.activateListener' -> true]], class annotated with @DirtiesContext [false] with mode [null].

  .   ____          _            __ _ _
 /\\ / ___'_ __ _ _(_)_ __  __ _ \ \ \ \
( ( )\___ | '_ | '_| | '_ \/ _` | \ \ \ \
 \\/  ___)| |_)| | | | | || (_| |  ) ) ) )
  '  |____| .__|_| |_|_| |_\__, | / / / /
 =========|_|==============|___/=/_/_/_/
 :: Spring Boot ::                (v2.7.9)

2023-03-17 21:21:29.828  INFO 103380 --- [    Test worker] h.evaluation.EvaluationApplicationTests  : Starting EvaluationApplicationTests using Java 11.0.18 on ip-172-31-10-64 with PID 103380 (started by ubuntu in /home/ubuntu/Backend/BackAPI)
2023-03-17 21:21:29.830  INFO 103380 --- [    Test worker] h.evaluation.EvaluationApplicationTests  : No active profile set, falling back to 1 default profile: "default"
2023-03-17 21:21:31.619  INFO 103380 --- [    Test worker] .s.d.r.c.RepositoryConfigurationDelegate : Bootstrapping Spring Data JPA repositories in DEFAULT mode.
2023-03-17 21:21:31.755  INFO 103380 --- [    Test worker] .s.d.r.c.RepositoryConfigurationDelegate : Finished Spring Data repository scanning in 118 ms. Found 2 JPA repository interfaces.
2023-03-17 21:21:33.298  INFO 103380 --- [    Test worker] o.hibernate.jpa.internal.util.LogHelper  : HHH000204: Processing PersistenceUnitInfo [name: default]
2023-03-17 21:21:33.448  INFO 103380 --- [    Test worker] org.hibernate.Version                    : HHH000412: Hibernate ORM core version 5.6.15.Final
2023-03-17 21:21:33.928  INFO 103380 --- [    Test worker] o.hibernate.annotations.common.Version   : HCANN000001: Hibernate Commons Annotations {5.1.2.Final}
2023-03-17 21:21:34.176  INFO 103380 --- [    Test worker] com.zaxxer.hikari.HikariDataSource       : HikariPool-1 - Starting...
2023-03-17 21:21:34.700  INFO 103380 --- [    Test worker] com.zaxxer.hikari.HikariDataSource       : HikariPool-1 - Start completed.
2023-03-17 21:21:34.779  INFO 103380 --- [    Test worker] org.hibernate.dialect.Dialect            : HHH000400: Using dialect: org.hibernate.dialect.MariaDB106Dialect
2023-03-17 21:21:36.136  INFO 103380 --- [    Test worker] o.h.e.t.j.p.i.JtaPlatformInitiator       : HHH000490: Using JtaPlatform implementation: [org.hibernate.engine.transaction.jta.platform.internal.NoJtaPlatform]
2023-03-17 21:21:36.156  INFO 103380 --- [    Test worker] j.LocalContainerEntityManagerFactoryBean : Initialized JPA EntityManagerFactory for persistence unit 'default'
2023-03-17 21:21:38.379  WARN 103380 --- [    Test worker] JpaBaseConfiguration$JpaWebConfiguration : spring.jpa.open-in-view is enabled by default. Therefore, database queries may be performed during view rendering. Explicitly configure spring.jpa.open-in-view to disable this warning
2023-03-17 21:21:39.678  INFO 103380 --- [    Test worker] h.evaluation.EvaluationApplicationTests  : Started EvaluationApplicationTests in 10.706 seconds (JVM running for 13.82)
]]></system-out>
  <system-err><![CDATA[]]></system-err>
</testsuite>
